2021-11-09 23:50:32,399 DEBUG decos.py Была вызвана функция main c параметрами () , {}. Вызов из модуля __main__
2021-11-09 23:50:32,399 DEBUG decos.py Была вызвана функция config_load c параметрами () , {}. Вызов из модуля __main__
2021-11-09 23:50:32,407 DEBUG decos.py Была вызвана функция arg_parser c параметрами ('7777', '') , {}. Вызов из модуля __main__
2021-11-09 23:50:32,407 DEBUG server.py Инициализация парсера аргументов коммандной строки: ['C:\\Users\\Максар\\Desktop\\geekbrains\\PYQT\\project\\server.py']
2021-11-09 23:50:32,408 DEBUG server.py Аргументы успешно загружены.
2021-11-09 23:50:32,489 INFO core.py Запущен сервер, порт для подключений: 7777 , адрес с которого принимаются подключения: . Если адрес не указан, принимаются соединения с любых адресов.
2021-11-09 23:50:37,810 DEBUG decos.py Была вызвана функция main c параметрами () , {}. Вызов из модуля __main__
2021-11-09 23:50:37,810 DEBUG decos.py Была вызвана функция config_load c параметрами () , {}. Вызов из модуля __main__
2021-11-09 23:50:37,810 DEBUG decos.py Была вызвана функция arg_parser c параметрами ('7777', '') , {}. Вызов из модуля __main__
2021-11-09 23:50:37,810 DEBUG server.py Инициализация парсера аргументов коммандной строки: ['C:\\Users\\Максар\\Desktop\\geekbrains\\PYQT\\project\\server.py']
2021-11-09 23:50:37,811 DEBUG server.py Аргументы успешно загружены.
2021-11-09 23:50:37,908 INFO core.py Запущен сервер, порт для подключений: 7777 , адрес с которого принимаются подключения: . Если адрес не указан, принимаются соединения с любых адресов.
2021-11-09 23:52:01,204 DEBUG decos.py Была вызвана функция main c параметрами () , {}. Вызов из модуля __main__
2021-11-09 23:52:01,205 DEBUG decos.py Была вызвана функция config_load c параметрами () , {}. Вызов из модуля __main__
2021-11-09 23:52:01,207 DEBUG decos.py Была вызвана функция arg_parser c параметрами ('7777', '') , {}. Вызов из модуля __main__
2021-11-09 23:52:01,207 DEBUG server.py Инициализация парсера аргументов коммандной строки: ['server.py']
2021-11-09 23:52:01,209 DEBUG server.py Аргументы успешно загружены.
2021-11-09 23:52:01,307 INFO core.py Запущен сервер, порт для подключений: 7777 , адрес с которого принимаются подключения: . Если адрес не указан, принимаются соединения с любых адресов.
2021-11-09 23:53:25,634 DEBUG decos.py Была вызвана функция main c параметрами () , {}. Вызов из модуля __main__
2021-11-09 23:53:25,634 DEBUG decos.py Была вызвана функция config_load c параметрами () , {}. Вызов из модуля __main__
2021-11-09 23:53:25,635 DEBUG decos.py Была вызвана функция arg_parser c параметрами ('7777', '') , {}. Вызов из модуля __main__
2021-11-09 23:53:25,635 DEBUG server.py Инициализация парсера аргументов коммандной строки: ['C:\\Users\\Максар\\Desktop\\geekbrains\\PYQT\\project\\server.py']
2021-11-09 23:53:25,635 DEBUG server.py Аргументы успешно загружены.
2021-11-09 23:53:25,733 INFO core.py Запущен сервер, порт для подключений: 7777 , адрес с которого принимаются подключения: . Если адрес не указан, принимаются соединения с любых адресов.
2021-11-09 23:55:52,941 DEBUG decos.py Была вызвана функция main c параметрами () , {}. Вызов из модуля __main__
2021-11-09 23:55:52,942 DEBUG decos.py Была вызвана функция config_load c параметрами () , {}. Вызов из модуля __main__
2021-11-09 23:55:52,942 DEBUG decos.py Была вызвана функция arg_parser c параметрами ('7777', '') , {}. Вызов из модуля __main__
2021-11-09 23:55:52,942 DEBUG server.py Инициализация парсера аргументов коммандной строки: ['C:/Users/Максар/Desktop/geekbrains/PYQT/project/server.py']
2021-11-09 23:55:52,943 DEBUG server.py Аргументы успешно загружены.
2021-11-09 23:55:53,009 INFO core.py Запущен сервер, порт для подключений: 7777 , адрес с которого принимаются подключения: . Если адрес не указан, принимаются соединения с любых адресов.
